<!-- AI ASSISTANT NOTE: Refer to this file and update statuses as tasks are completed. 
                  : Do not remove this note!
                  : Also do not remove the history of modifications.
                  : [HARD RULE] When editing, ALWAYS preserve ALL existing content. Only ADD new entries or UPDATE existing ones. NEVER delete or shorten the history.
                  : [RULE] Every roadmap document MUST be updated by the engineer after any significant decision, finding, code fix, or task completion to ensure project state transparency.
                  : [RULE] You should always update these roadmap documents on our decisions, findings, fixes and next tasks after doing the updates/changes/modifications.
                  : [RULE] This file tracks only high‑level completion status. Detailed narratives are in `Docs/Trouble-shooting/`.
-->

# Badminton Court Migration Roadmap Progress
# badminton_court/roadmap_progress.lst

PHASE 2: GoCD PIPELINE INTEGRATION
[DONE] 1. Authentication (GitHub PAT)
[DONE] 2. Dynamic .env generation
[DONE] 3. Cleanup plain‑text secrets
[DONE] 4. Agent SSH key provisioning
[DONE] 5. Agent GCP secrets access

PHASE 3: VALIDATION
[DONE] 1. Artifacts pipeline
[DONE] 2. Staging pipeline
[DONE] 3. Production pipeline
[DONE] 4. Single‑VM port conflict
[DONE] 5. Production dependency conflict
[DONE] 6. Production port conflict
[DONE] 7. Production DB_HOST
[DONE] 8. VM stability (disk + swap)
[DONE] 9. SHA‑based artifact promotion

PHASE 4: MENU & TOOLING (all completed – see Roadmap_Environments.md summary)

JUNE 2025 ADDITIONS (72‑79):
[DONE] 72. Social Media App Configuration Menu (16.2)
[DONE] 73. Database Permission Repair Automation (11.1/14.1)
[DONE] 74. Load Balancer Health Check Host Headers
[DONE] 75. Deployment Script Image Tag Reliability
[DONE] 76. SMTP Check Timeout Fix
[DONE] 77. Cypress Environment Variable Resolution
[DONE] 78. /court Path Routing Correction
[DONE] 79. User Profile Completion Notice
[DONE] 80. Troubleshooting Documentation Created

PENDING:
[PENDING] 81. Cypress real‑browser demo tests for presentations

---
*Last Updated: 2026-06-25*